Start testing: Nov 03 12:03 ART
----------------------------------------------------------
1/1 Testing: json_generated_test
1/1 Test: json_generated_test
Command: "/home/lao/Documents/git/DEVSDiagramer/model_json_exporter/json_generated_test"
Directory: /home/lao/Documents/git/DEVSDiagramer/model_json_exporter
"json_generated_test" start time: Nov 03 12:03 ART
Output:
----------------------------------------------------------
Running 1 test case...

*** No errors detected
<end of output>
Test time =   0.00 sec
----------------------------------------------------------
Test Passed.
"json_generated_test" end time: Nov 03 12:03 ART
"json_generated_test" time elapsed: 00:00:00
----------------------------------------------------------

End testing: Nov 03 12:03 ART
